app/build/intermediates/manifest_merge_blame_file/debug/manifest-merger-blame-debug-report.txt
1<?xml version="1.0" encoding="utf-8"?>
2<manifest xmlns:android="http://schemas.android.com/apk/res/android"
3    package="org.vandy.secretservice"
4    android:versionCode="1"
5    android:versionName="1.0" >
6
7    <uses-sdk
8        android:minSdkVersion="21"
8-->src\main\AndroidManifest.xml
9        android:targetSdkVersion="30" />
9-->src\main\AndroidManifest.xml
10
11    <uses-permission android:name="android.permission.INTERNET" />
11-->src\main\AndroidManifest.xml:6:5-67
11-->src\main\AndroidManifest.xml:6:22-64
12    <!-- Include required permissions for Google Maps API to run. -->
13    <uses-permission android:name="android.permission.ACCESS_NETWORK_STATE" />
13-->[com.google.android.gms:play-services-maps:17.0.0] AndroidManifest.xml:23:5-79
13-->[com.google.android.gms:play-services-maps:17.0.0] AndroidManifest.xml:23:22-76
14
15    <uses-feature
15-->[com.google.android.gms:play-services-maps:17.0.0] AndroidManifest.xml:26:5-28:35
16        android:glEsVersion="0x00020000"
16-->[com.google.android.gms:play-services-maps:17.0.0] AndroidManifest.xml:27:9-41
17        android:required="true" />
17-->[com.google.android.gms:play-services-maps:17.0.0] AndroidManifest.xml:28:9-32
18
19    <application
19-->src\main\AndroidManifest.xml:7:5-52:19
20        android:allowBackup="true"
20-->src\main\AndroidManifest.xml:13:9-35
21        android:appComponentFactory="androidx.core.app.CoreComponentFactory"
21-->[androidx.core:core:1.3.1] AndroidManifest.xml:24:18-86
22        android:debuggable="true"
23        android:icon="@mipmap/ic_launcher"
23-->src\main\AndroidManifest.xml:8:9-43
24        android:label="@string/app_name"
24-->src\main\AndroidManifest.xml:9:9-41
25        android:roundIcon="@mipmap/ic_launcher_round"
25-->src\main\AndroidManifest.xml:10:9-54
26        android:supportsRtl="true"
26-->src\main\AndroidManifest.xml:11:9-35
27        android:testOnly="true"
28        android:theme="@style/Theme.AppCompat.Light.NoActionBar" >
28-->src\main\AndroidManifest.xml:14:9-65
29
30        <!-- android:theme="@style/AppTheme" -->
31
32        <meta-data
32-->src\main\AndroidManifest.xml:18:9-19:60
33            android:name="com.google.android.gms.version"
33-->src\main\AndroidManifest.xml:19:13-58
34            android:value="@integer/google_play_services_version" />
34-->[com.google.android.gms:play-services-basement:17.0.0] AndroidManifest.xml:25:13-66
35        <!-- android:value="49" /> -->
36
37
38<!--              The API key for Google Maps-based APIs. -->
39        <meta-data
39-->src\main\AndroidManifest.xml:25:9-27:71
40            android:name="com.google.android.geo.API_KEY"
40-->src\main\AndroidManifest.xml:26:13-58
41            android:value="AIzaSyB4o70c8hdZ9u7z_gF9Xgbl6cC8fHy2ZCc" />
41-->src\main\AndroidManifest.xml:27:13-68
42
43        <service
43-->src\main\AndroidManifest.xml:30:9-33:40
44            android:name="org.vandy.secretservice.service.LoadService"
44-->src\main\AndroidManifest.xml:31:13-48
45            android:enabled="true"
45-->src\main\AndroidManifest.xml:32:13-35
46            android:exported="false" />
46-->src\main\AndroidManifest.xml:33:13-37
47
48        <provider
48-->src\main\AndroidManifest.xml:35:9-39:40
49            android:name="org.vandy.secretservice.datacontentprovider.DataContentProvider"
49-->src\main\AndroidManifest.xml:36:13-68
50            android:authorities="org.vandy.secretservice.datacontentprovider"
50-->src\main\AndroidManifest.xml:37:13-78
51            android:enabled="true"
51-->src\main\AndroidManifest.xml:38:13-35
52            android:exported="false" />
52-->src\main\AndroidManifest.xml:39:13-37
53
54        <activity android:name="org.vandy.secretservice.StartActivity" >
54-->src\main\AndroidManifest.xml:41:9-47:20
54-->src\main\AndroidManifest.xml:41:19-48
55            <intent-filter>
55-->src\main\AndroidManifest.xml:42:13-46:29
56                <action android:name="android.intent.action.MAIN" />
56-->src\main\AndroidManifest.xml:43:17-69
56-->src\main\AndroidManifest.xml:43:25-66
57
58                <category android:name="android.intent.category.LAUNCHER" />
58-->src\main\AndroidManifest.xml:45:17-77
58-->src\main\AndroidManifest.xml:45:27-74
59            </intent-filter>
60        </activity>
61        <activity android:name="org.vandy.secretservice.LoginActivity" />
61-->src\main\AndroidManifest.xml:48:9-51
61-->src\main\AndroidManifest.xml:48:19-48
62        <activity android:name="org.vandy.secretservice.MainActivity" />
62-->src\main\AndroidManifest.xml:49:9-50
62-->src\main\AndroidManifest.xml:49:19-47
63        <activity android:name="org.vandy.secretservice.ViewActivity" />
63-->src\main\AndroidManifest.xml:50:9-50
63-->src\main\AndroidManifest.xml:50:19-47
64        <activity android:name="org.vandy.secretservice.MapActivity" />
64-->src\main\AndroidManifest.xml:51:9-49
64-->src\main\AndroidManifest.xml:51:19-46
65        <!-- Needs to be explicitly declared on P+ -->
66        <uses-library
66-->[com.google.android.gms:play-services-maps:17.0.0] AndroidManifest.xml:33:9-35:40
67            android:name="org.apache.http.legacy"
67-->[com.google.android.gms:play-services-maps:17.0.0] AndroidManifest.xml:34:13-50
68            android:required="false" />
68-->[com.google.android.gms:play-services-maps:17.0.0] AndroidManifest.xml:35:13-37
69
70        <activity
70-->[com.google.android.gms:play-services-base:17.0.0] AndroidManifest.xml:23:9-26:75
71            android:name="com.google.android.gms.common.api.GoogleApiActivity"
71-->[com.google.android.gms:play-services-base:17.0.0] AndroidManifest.xml:24:13-79
72            android:exported="false"
72-->[com.google.android.gms:play-services-base:17.0.0] AndroidManifest.xml:25:13-37
73            android:theme="@android:style/Theme.Translucent.NoTitleBar" />
73-->[com.google.android.gms:play-services-base:17.0.0] AndroidManifest.xml:26:13-72
74    </application>
75
76</manifest>